<?xml version="1.0" encoding="UTF-8"?>
<!-- Generated by org.testng.reporters.JUnitReportReporter -->
<testsuite name="test.test009" tests="1" time="1.031" ignored="0" failures="0" timestamp="02 Mar 2017 17:02:35 GMT" skipped="0" hostname="sakthivel-PC" errors="0">
  <testcase name="MainFunction" time="1.031" classname="test.test009"/>
</testsuite> <!-- test.test009 -->
