<?xml version="1.0" encoding="UTF-8"?>
<!-- Generated by org.testng.reporters.JUnitReportReporter -->
<testsuite name="Top_Header.EmailNewsletter" tests="2" time="11.697" ignored="0" failures="0" timestamp="10 Jan 2017 11:01:26 GMT" skipped="0" hostname="sakthivel-PC" errors="0">
  <testcase name="Email_Newsletter_001" time="5.881" classname="Top_Header.EmailNewsletter"/>
  <testcase name="Email_Newsletter_002" time="5.816" classname="Top_Header.EmailNewsletter"/>
</testsuite> <!-- Top_Header.EmailNewsletter -->
