<?xml version="1.0" encoding="UTF-8"?>
<!-- Generated by org.testng.reporters.JUnitReportReporter -->
<testsuite name="test.testNG001" tests="1" time="5.366" ignored="0" failures="0" timestamp="05 Apr 2017 12:10:34 GMT" skipped="0" hostname="sakthivel-PC" errors="0">
  <testcase name="test001" time="5.366" classname="test.testNG001"/>
</testsuite> <!-- test.testNG001 -->
