<?xml version="1.0" encoding="UTF-8"?>
<!-- Generated by org.testng.reporters.JUnitReportReporter -->
<testsuite hostname="sakthivel-PC" name="TestScripts.TopHeader" tests="1" failures="0" timestamp="5 Jan 2017 11:47:37 GMT" time="0.005" errors="0">
  <testcase name="EmailNewsletter" time="0.005" classname="TestScripts.TopHeader"/>
</testsuite> <!-- TestScripts.TopHeader -->
