<?xml version="1.0" encoding="UTF-8"?>
<!-- Generated by org.testng.reporters.JUnitReportReporter -->
<testsuite name="test.windowHandle" tests="1" time="28.021" ignored="0" failures="0" timestamp="03 Mar 2017 09:39:31 GMT" skipped="0" hostname="sakthivel-PC" errors="0">
  <testcase name="handleWindow" time="28.021" classname="test.windowHandle"/>
</testsuite> <!-- test.windowHandle -->
